<?xml version="1.0" encoding="UTF-8"?>
<!-- Generated by org.testng.reporters.JUnitReportReporter -->
<testsuite hostname="nastya-IdeaPad-5-Pro-14ACN6" failures="0" tests="1" name="org.example.test.CostCalculationTest" time="27.153" errors="0" timestamp="2022-10-16T16:33:13 MSK" skipped="0">
  <testcase classname="org.example.test.CostCalculationTest" name="checkEstimateFromCalculatorPage" time="27.153"/>
  <system-out/>
</testsuite> <!-- org.example.test.CostCalculationTest -->
